<?xml version="1.0" encoding="UTF-8"?>
<!-- Generated by org.testng.reporters.JUnitReportReporter -->
<testsuite skipped="0" hostname="Nalini-Laptop" name="testNG.FB_login" tests="1" failures="0" timestamp="07 May 2019 02:14:59 GMT" time="49.882" errors="0">
  <testcase name="f" time="49.882" classname="testNG.FB_login"/>
</testsuite> <!-- testNG.FB_login -->
