<?xml version="1.0" encoding="UTF-8"?>
<!-- Generated by org.testng.reporters.JUnitReportReporter -->
<testsuite skipped="0" hostname="Nalini-Laptop" name="testNG.Sample1" tests="1" failures="0" timestamp="05 May 2019 02:40:16 GMT" time="0.011" errors="0">
  <testcase name="f" time="0.011" classname="testNG.Sample1"/>
</testsuite> <!-- testNG.Sample1 -->
