<?xml version="1.0" encoding="UTF-8"?>
<!-- Generated by org.testng.reporters.JUnitReportReporter -->
<testsuite skipped="0" hostname="Nalini-Laptop" name="testNG.DataProvider_Sample" tests="3" failures="0" timestamp="08 May 2019 02:42:41 GMT" time="143.708" errors="0">
  <testcase name="f" time="39.786" classname="testNG.DataProvider_Sample"/>
  <testcase name="f" time="45.569" classname="testNG.DataProvider_Sample"/>
  <testcase name="f" time="58.353" classname="testNG.DataProvider_Sample"/>
</testsuite> <!-- testNG.DataProvider_Sample -->
