<?xml version="1.0" encoding="UTF-8"?>
<!-- Generated by org.testng.reporters.JUnitReportReporter -->
<testsuite skipped="0" hostname="Nalini-Laptop" name="testNG.CrossBrowserTesting" tests="3" failures="0" timestamp="07 May 2019 03:06:23 GMT" time="27.605" errors="0">
  <testcase name="login" time="11.166" classname="testNG.CrossBrowserTesting"/>
  <testcase name="login" time="12.440" classname="testNG.CrossBrowserTesting"/>
  <testcase name="login" time="3.999" classname="testNG.CrossBrowserTesting"/>
</testsuite> <!-- testNG.CrossBrowserTesting -->
