<?xml version="1.0" encoding="UTF-8"?>
<!-- Generated by org.testng.reporters.JUnitReportReporter -->
<testsuite skipped="0" hostname="Nalini-Laptop" name="testNG.AnnaotationRules1" tests="2" failures="0" timestamp="05 May 2019 02:40:16 GMT" time="0.006" errors="0">
  <testcase name="f" time="0.003" classname="testNG.AnnaotationRules1"/>
  <testcase name="abc" time="0.003" classname="testNG.AnnaotationRules1"/>
</testsuite> <!-- testNG.AnnaotationRules1 -->
