<?xml version="1.0" encoding="UTF-8"?>
<!-- Generated by org.testng.reporters.JUnitReportReporter -->
<testsuite skipped="0" hostname="Nalini-Laptop" name="testNG.TTD_Registration" tests="1" failures="0" timestamp="05 May 2019 02:40:16 GMT" time="6.282" errors="0">
  <testcase name="TTD_reg" time="6.282" classname="testNG.TTD_Registration"/>
</testsuite> <!-- testNG.TTD_Registration -->
